Arguments: 
  C:\Program Files\nodejs\node.exe C:\Program Files (x86)\Yarn\bin\yarn.js add --dev babel-jest @babel/core @babel/preset-env

PATH: 
  C:\WINDOWS\system32;C:\WINDOWS;C:\WINDOWS\System32\Wbem;C:\WINDOWS\System32\WindowsPowerShell\v1.0\;C:\WINDOWS\System32\OpenSSH\;C:\Program Files (x86)\Brackets\command;C:\Program Files\Git\cmd;C:\Program Files (x86)\Yarn\bin\;C:\Users\USER\AppData\Roaming\nvm;C:\Program Files\nodejs;C:\Users\USER\AppData\Local\Programs\Python\Python311\Scripts\;C:\Users\USER\AppData\Local\Programs\Python\Python311\;C:\Users\USER\AppData\Local\Microsoft\WindowsApps;C:\Users\USER\AppData\Local\Programs\Microsoft VS Code\bin;C:\Users\USER\AppData\Local\Yarn\bin;C:\Users\USER\AppData\Local\GitHubDesktop\bin;C:\Users\USER\AppData\Roaming\npm;C:\Users\USER\AppData\Roaming\nvm;C:\Program Files\nodejs

Yarn version: 
  1.22.19

Node version: 
  18.17.0

Platform: 
  win32 x64

Trace: 
  SyntaxError: C:\Users\USER\Desktop\education_front-end\vue3-movie-app\package.json: Unexpected token / in JSON at position 53
      at JSON.parse (<anonymous>)
      at C:\Program Files (x86)\Yarn\lib\cli.js:1629:59
      at Generator.next (<anonymous>)
      at step (C:\Program Files (x86)\Yarn\lib\cli.js:310:30)
      at C:\Program Files (x86)\Yarn\lib\cli.js:321:13

npm manifest: 
  {
    "name": "webpack-basic",
    "version": "1.0.0",
    // "type": "module",
    "description": "",
    "__browserslist": "이 프로젝트가 지원하는 대상 브라우저를 지정 for Autoprefixer!",
    "browserslist": [
      "> 1%",
      "last 2 versions"
    ],
    "scripts": {
      "start": "react-scripts --openssl-legacy-provider start",
      "dev:webpack": "webpack-dev-server --mode development",
      "dev": "netlify dev",
      "build": "webpack --mode production",
      "lint": "eslint --fix --ext .js,.vue",
      "test:unit": "jest --watchAll"
    },
    "keywords": [],
    "author": "",
    "license": "ISC",
    "devDependencies": {
      "@babel/core": "^7.22.9",
      "@babel/plugin-transform-runtime": "^7.22.9",
      "@babel/preset-env": "^7.22.9",
      "@vue/compiler-sfc": "^3.3.4",
      "@vue/test-utils": "^2.4.0-alpha.2",
      "autoprefixer": "^10.4.14",
      "babel-eslint": "^10.1.0",
      "babel-jest": "^26.6.3",
      "babel-loader": "^8.3.0",
      "copy-webpack-plugin": "^8.1.1",
      "css-loader": "^5.2.7",
      "dotenv-webpack": "^8.0.1",
      "eslint": "^8.45.0",
      "eslint-plugin-vue": "^9.15.1",
      "file-loader": "^6.2.0",
      "html-webpack-plugin": "^5.5.3",
      "jest": "^26.6.3",
      "netlify-cli": "^16.0.3",
      "postcss": "^8.4.27",
      "postcss-loader": "^5.3.0",
      "sass": "^1.64.1",
      "sass-loader": "^11.1.1",
      "style-loader": "^2.0.0",
      "vue-jest": "^5.0.0-alpha.10",
      "vue-loader": "^17.0.1",
      "vue-style-loader": "^4.1.3",
      "webpack": "^5.88.2",
      "webpack-cli": "^4.10.0",
      "webpack-dev-server": "^4.0.0-rc.1"
    },
    "dependencies": {
      "axios": "^1.4.0",
      "bootstrap": "^5.3.1",
      "lodash": "^4.17.21",
      "node": "^20.5.0",
      "vue": "^3.2.36",
      "vue-router": "^4.2.4",
      "vuex": "^4.0.2"
    }
  }

yarn manifest: 
  No manifest

Lockfile: 
  No lockfile
